<?xml version="1.0" encoding="UTF-8"?>
<!-- Generated by org.testng.reporters.JUnitXMLReporter -->
<testsuite ignored="2" hostname="DESKTOP-NF4EIA6" failures="0" tests="2" name="TC--001_TestNG" time="12.803" errors="0" timestamp="2024-02-21T15:52:03 EST">
  <testcase classname="testcases.TC_001_AccountRegistrationTest" name="verifyAccountRegistrationTest" time="2.359"/>
  <testcase classname="testcases.TC_002_LoginTest" name="verify_Login" time="1.826"/>
  <testcase classname="testcases.TC_005_AddToCartPage" name="verify_AddToCart" time="0.0">
    <ignored/>
  </testcase> <!-- verify_AddToCart -->
  <testcase classname="testcases.TC_004_SearchProductTest" name="verify_productSearch" time="0.0">
    <ignored/>
  </testcase> <!-- verify_productSearch -->
</testsuite> <!-- TC-001_TestNG -->
